<?xml version="1.0" encoding="UTF-8"?>
<!-- Generated by org.testng.reporters.JUnitReportReporter -->
<testsuite hostname="DESKTOP-C076MD1" failures="0" tests="3" name="Section14_SeleniumJavaStreams_AutomateSort_Pagination_FilteringtheWebTables.aLearning_Java_Streams" time="0.146" errors="0" timestamp="2023-07-03T17:33:58 IST" skipped="0">
  <testcase classname="Section14_SeleniumJavaStreams_AutomateSort_Pagination_FilteringtheWebTables.aLearning_Java_Streams" name="StreamCollect" time="0.068"/>
  <system-out/>
  <testcase classname="Section14_SeleniumJavaStreams_AutomateSort_Pagination_FilteringtheWebTables.aLearning_Java_Streams" name="StreamFilter" time="0.036"/>
  <system-out/>
  <testcase classname="Section14_SeleniumJavaStreams_AutomateSort_Pagination_FilteringtheWebTables.aLearning_Java_Streams" name="StreamMap" time="0.042"/>
  <system-out/>
</testsuite> <!-- Section14_SeleniumJavaStreams_AutomateSort_Pagination_FilteringtheWebTables.aLearning_Java_Streams -->
