<?xml version="1.0" encoding="UTF-8"?>
<!-- Generated by org.testng.reporters.JUnitReportReporter -->
<testsuite hostname="DESKTOP-C076MD1" failures="0" tests="2" name="Section16_TestNG_FrameworkPart1.aDay1" time="0.045" errors="0" timestamp="2023-06-09T20:42:06 IST" skipped="0">
  <testcase classname="Section16_TestNG_FrameworkPart1.aDay1" name="Loan" time="0.006"/>
  <system-out/>
  <testcase classname="Section16_TestNG_FrameworkPart1.aDay1" name="Demo" time="0.039"/>
  <system-out/>
</testsuite> <!-- Section16_TestNG_FrameworkPart1.aDay1 -->
